<?xml version="1.0" encoding="UTF-8"?>
<!-- Generated by org.testng.reporters.JUnitXMLReporter -->
<testsuite ignored="0" hostname="JIYANSH" failures="0" tests="4" name="Default test" time="20.58" errors="0" timestamp="2023-06-21T22:55:14 CST">
  <testcase classname="testLayer.LoginTest" name="Title" time="0.015"/>
  <testcase classname="testLayer.LoginTest" name="Login" time="2.002"/>
  <testcase classname="testLayer.LoginTest" name="Login" time="2.087"/>
  <testcase classname="testLayer.LoginTest" name="Login" time="2.035"/>
</testsuite> <!-- Default test -->
