<?xml version="1.0" encoding="UTF-8"?>
<!-- Generated by org.testng.reporters.JUnitXMLReporter -->
<testsuite ignored="0" hostname="JIYANSH" failures="0" tests="4" name="TestNG" time="20.518" errors="0" timestamp="2023-06-21T23:15:49 CST">
  <testcase classname="testLayer.LoginTest" name="Title" time="0.017"/>
  <testcase classname="testLayer.LoginTest" name="Login" time="2.091"/>
  <testcase classname="testLayer.LoginTest" name="Login" time="2.043"/>
  <testcase classname="testLayer.LoginTest" name="Login" time="2.112"/>
</testsuite> <!-- TestNG -->
